<?xml version="1.0" encoding="UTF-8"?>
<!-- Generated by org.testng.reporters.JUnitReportReporter -->
<testsuite hostname="CHRMAM01103" failures="0" tests="3" name="getirAppTests.BaseClass" time="134.351" errors="0" timestamp="2021-08-14T19:55:01 CEST" skipped="0">
  <testcase classname="getirAppTests.BaseClass" name="Case2" time="53.434"/>
  <system-out/>
  <testcase classname="getirAppTests.BaseClass" name="Case3" time="0.011"/>
  <system-out/>
  <testcase classname="getirAppTests.BaseClass" name="Case1" time="80.906"/>
  <system-out/>
</testsuite> <!-- getirAppTests.BaseClass -->
